E, [2017-04-11T00:07:30.406989 #21859] ERROR -- : app error: Missing `secret_token` and `secret_key_base` for 'production' environment, set these values in `config/secrets.yml` (RuntimeError)
E, [2017-04-11T00:07:30.407130 #21859] ERROR -- : /home/krishna/.rvm/gems/ruby-2.2.2/gems/railties-4.2.6/lib/rails/application.rb:534:in `validate_secret_key_config!'
E, [2017-04-11T00:07:30.407160 #21859] ERROR -- : /home/krishna/.rvm/gems/ruby-2.2.2/gems/railties-4.2.6/lib/rails/application.rb:246:in `env_config'
E, [2017-04-11T00:07:30.407190 #21859] ERROR -- : /home/krishna/.rvm/gems/ruby-2.2.2/gems/railties-4.2.6/lib/rails/engine.rb:514:in `call'
E, [2017-04-11T00:07:30.407217 #21859] ERROR -- : /home/krishna/.rvm/gems/ruby-2.2.2/gems/railties-4.2.6/lib/rails/application.rb:165:in `call'
E, [2017-04-11T00:07:30.407248 #21859] ERROR -- : /home/krishna/.rvm/gems/ruby-2.2.2/gems/unicorn-5.3.0/lib/unicorn/http_server.rb:606:in `process_client'
E, [2017-04-11T00:07:30.407274 #21859] ERROR -- : /home/krishna/.rvm/gems/ruby-2.2.2/gems/unicorn-5.3.0/lib/unicorn/http_server.rb:702:in `worker_loop'
E, [2017-04-11T00:07:30.407308 #21859] ERROR -- : /home/krishna/.rvm/gems/ruby-2.2.2/gems/unicorn-5.3.0/lib/unicorn/http_server.rb:549:in `spawn_missing_workers'
E, [2017-04-11T00:07:30.407342 #21859] ERROR -- : /home/krishna/.rvm/gems/ruby-2.2.2/gems/unicorn-5.3.0/lib/unicorn/http_server.rb:142:in `start'
E, [2017-04-11T00:07:30.407370 #21859] ERROR -- : /home/krishna/.rvm/gems/ruby-2.2.2/gems/unicorn-5.3.0/bin/unicorn:126:in `<top (required)>'
E, [2017-04-11T00:07:30.407396 #21859] ERROR -- : /home/krishna/.rvm/gems/ruby-2.2.2/bin/unicorn:23:in `load'
E, [2017-04-11T00:07:30.407414 #21859] ERROR -- : /home/krishna/.rvm/gems/ruby-2.2.2/bin/unicorn:23:in `<main>'
E, [2017-04-11T00:07:30.407438 #21859] ERROR -- : /home/krishna/.rvm/gems/ruby-2.2.2/bin/ruby_executable_hooks:15:in `eval'
E, [2017-04-11T00:07:30.407464 #21859] ERROR -- : /home/krishna/.rvm/gems/ruby-2.2.2/bin/ruby_executable_hooks:15:in `<main>'
E, [2017-04-11T00:13:24.035505 #21857] ERROR -- : app error: Missing `secret_token` and `secret_key_base` for 'production' environment, set these values in `config/secrets.yml` (RuntimeError)
E, [2017-04-11T00:13:24.035602 #21857] ERROR -- : /home/krishna/.rvm/gems/ruby-2.2.2/gems/railties-4.2.6/lib/rails/application.rb:534:in `validate_secret_key_config!'
E, [2017-04-11T00:13:24.035635 #21857] ERROR -- : /home/krishna/.rvm/gems/ruby-2.2.2/gems/railties-4.2.6/lib/rails/application.rb:246:in `env_config'
E, [2017-04-11T00:13:24.035663 #21857] ERROR -- : /home/krishna/.rvm/gems/ruby-2.2.2/gems/railties-4.2.6/lib/rails/engine.rb:514:in `call'
E, [2017-04-11T00:13:24.035686 #21857] ERROR -- : /home/krishna/.rvm/gems/ruby-2.2.2/gems/railties-4.2.6/lib/rails/application.rb:165:in `call'
E, [2017-04-11T00:13:24.035720 #21857] ERROR -- : /home/krishna/.rvm/gems/ruby-2.2.2/gems/unicorn-5.3.0/lib/unicorn/http_server.rb:606:in `process_client'
E, [2017-04-11T00:13:24.035741 #21857] ERROR -- : /home/krishna/.rvm/gems/ruby-2.2.2/gems/unicorn-5.3.0/lib/unicorn/http_server.rb:702:in `worker_loop'
E, [2017-04-11T00:13:24.035757 #21857] ERROR -- : /home/krishna/.rvm/gems/ruby-2.2.2/gems/unicorn-5.3.0/lib/unicorn/http_server.rb:549:in `spawn_missing_workers'
E, [2017-04-11T00:13:24.035782 #21857] ERROR -- : /home/krishna/.rvm/gems/ruby-2.2.2/gems/unicorn-5.3.0/lib/unicorn/http_server.rb:142:in `start'
E, [2017-04-11T00:13:24.035823 #21857] ERROR -- : /home/krishna/.rvm/gems/ruby-2.2.2/gems/unicorn-5.3.0/bin/unicorn:126:in `<top (required)>'
E, [2017-04-11T00:13:24.035882 #21857] ERROR -- : /home/krishna/.rvm/gems/ruby-2.2.2/bin/unicorn:23:in `load'
E, [2017-04-11T00:13:24.035900 #21857] ERROR -- : /home/krishna/.rvm/gems/ruby-2.2.2/bin/unicorn:23:in `<main>'
E, [2017-04-11T00:13:24.035915 #21857] ERROR -- : /home/krishna/.rvm/gems/ruby-2.2.2/bin/ruby_executable_hooks:15:in `eval'
E, [2017-04-11T00:13:24.035930 #21857] ERROR -- : /home/krishna/.rvm/gems/ruby-2.2.2/bin/ruby_executable_hooks:15:in `<main>'
E, [2017-04-11T00:14:19.605366 #21857] ERROR -- : app error: Missing `secret_token` and `secret_key_base` for 'production' environment, set these values in `config/secrets.yml` (RuntimeError)
E, [2017-04-11T00:14:19.605473 #21857] ERROR -- : /home/krishna/.rvm/gems/ruby-2.2.2/gems/railties-4.2.6/lib/rails/application.rb:534:in `validate_secret_key_config!'
E, [2017-04-11T00:14:19.605506 #21857] ERROR -- : /home/krishna/.rvm/gems/ruby-2.2.2/gems/railties-4.2.6/lib/rails/application.rb:246:in `env_config'
E, [2017-04-11T00:14:19.605535 #21857] ERROR -- : /home/krishna/.rvm/gems/ruby-2.2.2/gems/railties-4.2.6/lib/rails/engine.rb:514:in `call'
E, [2017-04-11T00:14:19.605601 #21857] ERROR -- : /home/krishna/.rvm/gems/ruby-2.2.2/gems/railties-4.2.6/lib/rails/application.rb:165:in `call'
E, [2017-04-11T00:14:19.605637 #21857] ERROR -- : /home/krishna/.rvm/gems/ruby-2.2.2/gems/unicorn-5.3.0/lib/unicorn/http_server.rb:606:in `process_client'
E, [2017-04-11T00:14:19.605671 #21857] ERROR -- : /home/krishna/.rvm/gems/ruby-2.2.2/gems/unicorn-5.3.0/lib/unicorn/http_server.rb:702:in `worker_loop'
E, [2017-04-11T00:14:19.605705 #21857] ERROR -- : /home/krishna/.rvm/gems/ruby-2.2.2/gems/unicorn-5.3.0/lib/unicorn/http_server.rb:549:in `spawn_missing_workers'
E, [2017-04-11T00:14:19.605738 #21857] ERROR -- : /home/krishna/.rvm/gems/ruby-2.2.2/gems/unicorn-5.3.0/lib/unicorn/http_server.rb:142:in `start'
E, [2017-04-11T00:14:19.605767 #21857] ERROR -- : /home/krishna/.rvm/gems/ruby-2.2.2/gems/unicorn-5.3.0/bin/unicorn:126:in `<top (required)>'
E, [2017-04-11T00:14:19.605795 #21857] ERROR -- : /home/krishna/.rvm/gems/ruby-2.2.2/bin/unicorn:23:in `load'
E, [2017-04-11T00:14:19.605824 #21857] ERROR -- : /home/krishna/.rvm/gems/ruby-2.2.2/bin/unicorn:23:in `<main>'
E, [2017-04-11T00:14:19.605849 #21857] ERROR -- : /home/krishna/.rvm/gems/ruby-2.2.2/bin/ruby_executable_hooks:15:in `eval'
E, [2017-04-11T00:14:19.605882 #21857] ERROR -- : /home/krishna/.rvm/gems/ruby-2.2.2/bin/ruby_executable_hooks:15:in `<main>'
/home/krishna/.rvm/gems/ruby-2.2.2/gems/unicorn-5.3.0/lib/unicorn/http_server.rb:205:in `pid=': Already running on PID:21854 (or pid=/home/krishna/workspace/milkbucket/shared/pids/unicorn.pid is stale) (ArgumentError)
	from /home/krishna/.rvm/gems/ruby-2.2.2/gems/unicorn-5.3.0/lib/unicorn/http_server.rb:137:in `start'
	from /home/krishna/.rvm/gems/ruby-2.2.2/gems/unicorn-5.3.0/bin/unicorn:126:in `<top (required)>'
	from /home/krishna/.rvm/gems/ruby-2.2.2/bin/unicorn:23:in `load'
	from /home/krishna/.rvm/gems/ruby-2.2.2/bin/unicorn:23:in `<main>'
	from /home/krishna/.rvm/gems/ruby-2.2.2/bin/ruby_executable_hooks:15:in `eval'
	from /home/krishna/.rvm/gems/ruby-2.2.2/bin/ruby_executable_hooks:15:in `<main>'
/home/krishna/.rvm/gems/ruby-2.2.2/gems/unicorn-5.3.0/lib/unicorn/http_server.rb:205:in `pid=': Already running on PID:21854 (or pid=/home/krishna/workspace/milkbucket/shared/pids/unicorn.pid is stale) (ArgumentError)
	from /home/krishna/.rvm/gems/ruby-2.2.2/gems/unicorn-5.3.0/lib/unicorn/http_server.rb:137:in `start'
	from /home/krishna/.rvm/gems/ruby-2.2.2/gems/unicorn-5.3.0/bin/unicorn:126:in `<top (required)>'
	from /home/krishna/.rvm/gems/ruby-2.2.2/bin/unicorn:23:in `load'
	from /home/krishna/.rvm/gems/ruby-2.2.2/bin/unicorn:23:in `<main>'
	from /home/krishna/.rvm/gems/ruby-2.2.2/bin/ruby_executable_hooks:15:in `eval'
	from /home/krishna/.rvm/gems/ruby-2.2.2/bin/ruby_executable_hooks:15:in `<main>'
/home/krishna/.rvm/gems/ruby-2.2.2/gems/unicorn-5.3.0/lib/unicorn/http_server.rb:205:in `pid=': Already running on PID:21854 (or pid=/home/krishna/workspace/milkbucket/shared/pids/unicorn.pid is stale) (ArgumentError)
	from /home/krishna/.rvm/gems/ruby-2.2.2/gems/unicorn-5.3.0/lib/unicorn/http_server.rb:137:in `start'
	from /home/krishna/.rvm/gems/ruby-2.2.2/gems/unicorn-5.3.0/bin/unicorn:126:in `<top (required)>'
	from /home/krishna/.rvm/gems/ruby-2.2.2/bin/unicorn:23:in `load'
	from /home/krishna/.rvm/gems/ruby-2.2.2/bin/unicorn:23:in `<main>'
	from /home/krishna/.rvm/gems/ruby-2.2.2/bin/ruby_executable_hooks:15:in `eval'
	from /home/krishna/.rvm/gems/ruby-2.2.2/bin/ruby_executable_hooks:15:in `<main>'
I, [2017-04-11T00:17:41.408418 #22085]  INFO -- : Refreshing Gem list
I, [2017-04-11T00:17:43.369807 #22085]  INFO -- : unlinking existing socket=/home/krishna/workspace/milkbucket/shared/sockets/unicorn.sock
I, [2017-04-11T00:17:43.370180 #22085]  INFO -- : listening on addr=/home/krishna/workspace/milkbucket/shared/sockets/unicorn.sock fd=8
I, [2017-04-11T00:17:43.370365 #22085]  INFO -- : worker=0 spawning...
I, [2017-04-11T00:17:43.371687 #22085]  INFO -- : worker=1 spawning...
I, [2017-04-11T00:17:43.373110 #22085]  INFO -- : master process ready
I, [2017-04-11T00:17:43.377900 #22096]  INFO -- : worker=0 spawned pid=22096
I, [2017-04-11T00:17:43.382293 #22096]  INFO -- : worker=0 ready
I, [2017-04-11T00:17:43.383628 #22098]  INFO -- : worker=1 spawned pid=22098
I, [2017-04-11T00:17:43.383938 #22098]  INFO -- : worker=1 ready
/home/krishna/.rvm/gems/ruby-2.2.2/gems/unicorn-5.3.0/lib/unicorn/http_server.rb:205:in `pid=': Already running on PID:22085 (or pid=/home/krishna/workspace/milkbucket/shared/pids/unicorn.pid is stale) (ArgumentError)
	from /home/krishna/.rvm/gems/ruby-2.2.2/gems/unicorn-5.3.0/lib/unicorn/http_server.rb:137:in `start'
	from /home/krishna/.rvm/gems/ruby-2.2.2/gems/unicorn-5.3.0/bin/unicorn:126:in `<top (required)>'
	from /home/krishna/.rvm/gems/ruby-2.2.2/bin/unicorn:23:in `load'
	from /home/krishna/.rvm/gems/ruby-2.2.2/bin/unicorn:23:in `<main>'
	from /home/krishna/.rvm/gems/ruby-2.2.2/bin/ruby_executable_hooks:15:in `eval'
	from /home/krishna/.rvm/gems/ruby-2.2.2/bin/ruby_executable_hooks:15:in `<main>'
I, [2017-04-11T00:21:34.458400 #22167]  INFO -- : Refreshing Gem list
I, [2017-04-11T00:21:36.302721 #22167]  INFO -- : unlinking existing socket=/home/krishna/workspace/milkbucket/shared/sockets/unicorn.sock
I, [2017-04-11T00:21:36.303120 #22167]  INFO -- : listening on addr=/home/krishna/workspace/milkbucket/shared/sockets/unicorn.sock fd=8
I, [2017-04-11T00:21:36.303307 #22167]  INFO -- : worker=0 spawning...
I, [2017-04-11T00:21:36.304583 #22167]  INFO -- : worker=1 spawning...
I, [2017-04-11T00:21:36.305938 #22167]  INFO -- : master process ready
I, [2017-04-11T00:21:36.311106 #22178]  INFO -- : worker=0 spawned pid=22178
I, [2017-04-11T00:21:36.314116 #22178]  INFO -- : worker=0 ready
I, [2017-04-11T00:21:36.315224 #22180]  INFO -- : worker=1 spawned pid=22180
I, [2017-04-11T00:21:36.315520 #22180]  INFO -- : worker=1 ready
I, [2017-04-11T00:31:56.198334 #22338]  INFO -- : Refreshing Gem list
I, [2017-04-11T00:31:58.310937 #22338]  INFO -- : unlinking existing socket=/home/krishna/workspace/milkbucket/shared/sockets/unicorn.sock
I, [2017-04-11T00:31:58.311358 #22338]  INFO -- : listening on addr=/home/krishna/workspace/milkbucket/shared/sockets/unicorn.sock fd=8
I, [2017-04-11T00:31:58.311539 #22338]  INFO -- : worker=0 spawning...
I, [2017-04-11T00:31:58.312875 #22338]  INFO -- : worker=1 spawning...
I, [2017-04-11T00:31:58.313846 #22349]  INFO -- : worker=0 spawned pid=22349
I, [2017-04-11T00:31:58.315286 #22338]  INFO -- : master process ready
I, [2017-04-11T00:31:58.321959 #22349]  INFO -- : worker=0 ready
I, [2017-04-11T00:31:58.323156 #22352]  INFO -- : worker=1 spawned pid=22352
I, [2017-04-11T00:31:58.323452 #22352]  INFO -- : worker=1 ready
I, [2017-04-11T00:33:04.251061 #22338]  INFO -- : reaped #<Process::Status: pid 22349 exit 0> worker=0
I, [2017-04-11T00:33:04.251174 #22338]  INFO -- : reaped #<Process::Status: pid 22352 exit 0> worker=1
I, [2017-04-11T00:33:04.251261 #22338]  INFO -- : master complete
I, [2017-04-13T22:24:35.824791 #2812]  INFO -- : Refreshing Gem list
I, [2017-04-13T22:24:42.216477 #2812]  INFO -- : unlinking existing socket=/home/krishna/workspace/milkbucket/shared/sockets/unicorn.sock
I, [2017-04-13T22:24:42.216631 #2812]  INFO -- : listening on addr=/home/krishna/workspace/milkbucket/shared/sockets/unicorn.sock fd=8
I, [2017-04-13T22:24:42.216809 #2812]  INFO -- : worker=0 spawning...
I, [2017-04-13T22:24:42.217638 #2812]  INFO -- : worker=1 spawning...
I, [2017-04-13T22:24:42.219531 #2812]  INFO -- : master process ready
I, [2017-04-13T22:24:42.227403 #2815]  INFO -- : worker=0 spawned pid=2815
I, [2017-04-13T22:24:42.227838 #2815]  INFO -- : worker=0 ready
I, [2017-04-13T22:24:42.232468 #2817]  INFO -- : worker=1 spawned pid=2817
I, [2017-04-13T22:24:42.232730 #2817]  INFO -- : worker=1 ready
E, [2017-04-13T22:24:46.391149 #2815] ERROR -- : app error: Missing `secret_token` and `secret_key_base` for 'production' environment, set these values in `config/secrets.yml` (RuntimeError)
E, [2017-04-13T22:24:46.391315 #2815] ERROR -- : /home/krishna/.rvm/gems/ruby-2.2.2/gems/railties-4.2.6/lib/rails/application.rb:534:in `validate_secret_key_config!'
E, [2017-04-13T22:24:46.391348 #2815] ERROR -- : /home/krishna/.rvm/gems/ruby-2.2.2/gems/railties-4.2.6/lib/rails/application.rb:246:in `env_config'
E, [2017-04-13T22:24:46.391371 #2815] ERROR -- : /home/krishna/.rvm/gems/ruby-2.2.2/gems/railties-4.2.6/lib/rails/engine.rb:514:in `call'
E, [2017-04-13T22:24:46.391394 #2815] ERROR -- : /home/krishna/.rvm/gems/ruby-2.2.2/gems/railties-4.2.6/lib/rails/application.rb:165:in `call'
E, [2017-04-13T22:24:46.391420 #2815] ERROR -- : /home/krishna/.rvm/gems/ruby-2.2.2/gems/unicorn-5.3.0/lib/unicorn/http_server.rb:606:in `process_client'
E, [2017-04-13T22:24:46.391444 #2815] ERROR -- : /home/krishna/.rvm/gems/ruby-2.2.2/gems/unicorn-5.3.0/lib/unicorn/http_server.rb:702:in `worker_loop'
E, [2017-04-13T22:24:46.391467 #2815] ERROR -- : /home/krishna/.rvm/gems/ruby-2.2.2/gems/unicorn-5.3.0/lib/unicorn/http_server.rb:549:in `spawn_missing_workers'
E, [2017-04-13T22:24:46.391489 #2815] ERROR -- : /home/krishna/.rvm/gems/ruby-2.2.2/gems/unicorn-5.3.0/lib/unicorn/http_server.rb:142:in `start'
E, [2017-04-13T22:24:46.391583 #2815] ERROR -- : /home/krishna/.rvm/gems/ruby-2.2.2/gems/unicorn-5.3.0/bin/unicorn:126:in `<top (required)>'
E, [2017-04-13T22:24:46.391609 #2815] ERROR -- : /home/krishna/.rvm/gems/ruby-2.2.2/bin/unicorn:23:in `load'
E, [2017-04-13T22:24:46.391624 #2815] ERROR -- : /home/krishna/.rvm/gems/ruby-2.2.2/bin/unicorn:23:in `<main>'
E, [2017-04-13T22:24:46.391707 #2815] ERROR -- : /home/krishna/.rvm/gems/ruby-2.2.2/bin/ruby_executable_hooks:15:in `eval'
E, [2017-04-13T22:24:46.391723 #2815] ERROR -- : /home/krishna/.rvm/gems/ruby-2.2.2/bin/ruby_executable_hooks:15:in `<main>'
E, [2017-04-13T22:24:50.090628 #2817] ERROR -- : app error: Missing `secret_token` and `secret_key_base` for 'production' environment, set these values in `config/secrets.yml` (RuntimeError)
E, [2017-04-13T22:24:50.090770 #2817] ERROR -- : /home/krishna/.rvm/gems/ruby-2.2.2/gems/railties-4.2.6/lib/rails/application.rb:534:in `validate_secret_key_config!'
E, [2017-04-13T22:24:50.090802 #2817] ERROR -- : /home/krishna/.rvm/gems/ruby-2.2.2/gems/railties-4.2.6/lib/rails/application.rb:246:in `env_config'
E, [2017-04-13T22:24:50.090833 #2817] ERROR -- : /home/krishna/.rvm/gems/ruby-2.2.2/gems/railties-4.2.6/lib/rails/engine.rb:514:in `call'
E, [2017-04-13T22:24:50.090858 #2817] ERROR -- : /home/krishna/.rvm/gems/ruby-2.2.2/gems/railties-4.2.6/lib/rails/application.rb:165:in `call'
E, [2017-04-13T22:24:50.090876 #2817] ERROR -- : /home/krishna/.rvm/gems/ruby-2.2.2/gems/unicorn-5.3.0/lib/unicorn/http_server.rb:606:in `process_client'
E, [2017-04-13T22:24:50.090898 #2817] ERROR -- : /home/krishna/.rvm/gems/ruby-2.2.2/gems/unicorn-5.3.0/lib/unicorn/http_server.rb:702:in `worker_loop'
E, [2017-04-13T22:24:50.090924 #2817] ERROR -- : /home/krishna/.rvm/gems/ruby-2.2.2/gems/unicorn-5.3.0/lib/unicorn/http_server.rb:549:in `spawn_missing_workers'
E, [2017-04-13T22:24:50.090941 #2817] ERROR -- : /home/krishna/.rvm/gems/ruby-2.2.2/gems/unicorn-5.3.0/lib/unicorn/http_server.rb:142:in `start'
E, [2017-04-13T22:24:50.090964 #2817] ERROR -- : /home/krishna/.rvm/gems/ruby-2.2.2/gems/unicorn-5.3.0/bin/unicorn:126:in `<top (required)>'
E, [2017-04-13T22:24:50.090985 #2817] ERROR -- : /home/krishna/.rvm/gems/ruby-2.2.2/bin/unicorn:23:in `load'
E, [2017-04-13T22:24:50.091058 #2817] ERROR -- : /home/krishna/.rvm/gems/ruby-2.2.2/bin/unicorn:23:in `<main>'
E, [2017-04-13T22:24:50.091071 #2817] ERROR -- : /home/krishna/.rvm/gems/ruby-2.2.2/bin/ruby_executable_hooks:15:in `eval'
E, [2017-04-13T22:24:50.091093 #2817] ERROR -- : /home/krishna/.rvm/gems/ruby-2.2.2/bin/ruby_executable_hooks:15:in `<main>'
E, [2017-04-13T22:24:56.264801 #2817] ERROR -- : app error: Missing `secret_token` and `secret_key_base` for 'production' environment, set these values in `config/secrets.yml` (RuntimeError)
E, [2017-04-13T22:24:56.264881 #2817] ERROR -- : /home/krishna/.rvm/gems/ruby-2.2.2/gems/railties-4.2.6/lib/rails/application.rb:534:in `validate_secret_key_config!'
E, [2017-04-13T22:24:56.264904 #2817] ERROR -- : /home/krishna/.rvm/gems/ruby-2.2.2/gems/railties-4.2.6/lib/rails/application.rb:246:in `env_config'
E, [2017-04-13T22:24:56.264924 #2817] ERROR -- : /home/krishna/.rvm/gems/ruby-2.2.2/gems/railties-4.2.6/lib/rails/engine.rb:514:in `call'
E, [2017-04-13T22:24:56.264941 #2817] ERROR -- : /home/krishna/.rvm/gems/ruby-2.2.2/gems/railties-4.2.6/lib/rails/application.rb:165:in `call'
E, [2017-04-13T22:24:56.264959 #2817] ERROR -- : /home/krishna/.rvm/gems/ruby-2.2.2/gems/unicorn-5.3.0/lib/unicorn/http_server.rb:606:in `process_client'
E, [2017-04-13T22:24:56.264976 #2817] ERROR -- : /home/krishna/.rvm/gems/ruby-2.2.2/gems/unicorn-5.3.0/lib/unicorn/http_server.rb:702:in `worker_loop'
E, [2017-04-13T22:24:56.264990 #2817] ERROR -- : /home/krishna/.rvm/gems/ruby-2.2.2/gems/unicorn-5.3.0/lib/unicorn/http_server.rb:549:in `spawn_missing_workers'
E, [2017-04-13T22:24:56.265003 #2817] ERROR -- : /home/krishna/.rvm/gems/ruby-2.2.2/gems/unicorn-5.3.0/lib/unicorn/http_server.rb:142:in `start'
E, [2017-04-13T22:24:56.265020 #2817] ERROR -- : /home/krishna/.rvm/gems/ruby-2.2.2/gems/unicorn-5.3.0/bin/unicorn:126:in `<top (required)>'
E, [2017-04-13T22:24:56.265034 #2817] ERROR -- : /home/krishna/.rvm/gems/ruby-2.2.2/bin/unicorn:23:in `load'
E, [2017-04-13T22:24:56.265049 #2817] ERROR -- : /home/krishna/.rvm/gems/ruby-2.2.2/bin/unicorn:23:in `<main>'
E, [2017-04-13T22:24:56.265065 #2817] ERROR -- : /home/krishna/.rvm/gems/ruby-2.2.2/bin/ruby_executable_hooks:15:in `eval'
E, [2017-04-13T22:24:56.265078 #2817] ERROR -- : /home/krishna/.rvm/gems/ruby-2.2.2/bin/ruby_executable_hooks:15:in `<main>'
E, [2017-04-13T22:24:59.670826 #2817] ERROR -- : app error: Missing `secret_token` and `secret_key_base` for 'production' environment, set these values in `config/secrets.yml` (RuntimeError)
E, [2017-04-13T22:24:59.670902 #2817] ERROR -- : /home/krishna/.rvm/gems/ruby-2.2.2/gems/railties-4.2.6/lib/rails/application.rb:534:in `validate_secret_key_config!'
E, [2017-04-13T22:24:59.670931 #2817] ERROR -- : /home/krishna/.rvm/gems/ruby-2.2.2/gems/railties-4.2.6/lib/rails/application.rb:246:in `env_config'
E, [2017-04-13T22:24:59.671027 #2817] ERROR -- : /home/krishna/.rvm/gems/ruby-2.2.2/gems/railties-4.2.6/lib/rails/engine.rb:514:in `call'
E, [2017-04-13T22:24:59.671043 #2817] ERROR -- : /home/krishna/.rvm/gems/ruby-2.2.2/gems/railties-4.2.6/lib/rails/application.rb:165:in `call'
E, [2017-04-13T22:24:59.671057 #2817] ERROR -- : /home/krishna/.rvm/gems/ruby-2.2.2/gems/unicorn-5.3.0/lib/unicorn/http_server.rb:606:in `process_client'
E, [2017-04-13T22:24:59.671070 #2817] ERROR -- : /home/krishna/.rvm/gems/ruby-2.2.2/gems/unicorn-5.3.0/lib/unicorn/http_server.rb:702:in `worker_loop'
E, [2017-04-13T22:24:59.671083 #2817] ERROR -- : /home/krishna/.rvm/gems/ruby-2.2.2/gems/unicorn-5.3.0/lib/unicorn/http_server.rb:549:in `spawn_missing_workers'
E, [2017-04-13T22:24:59.671096 #2817] ERROR -- : /home/krishna/.rvm/gems/ruby-2.2.2/gems/unicorn-5.3.0/lib/unicorn/http_server.rb:142:in `start'
E, [2017-04-13T22:24:59.671108 #2817] ERROR -- : /home/krishna/.rvm/gems/ruby-2.2.2/gems/unicorn-5.3.0/bin/unicorn:126:in `<top (required)>'
E, [2017-04-13T22:24:59.671121 #2817] ERROR -- : /home/krishna/.rvm/gems/ruby-2.2.2/bin/unicorn:23:in `load'
E, [2017-04-13T22:24:59.671134 #2817] ERROR -- : /home/krishna/.rvm/gems/ruby-2.2.2/bin/unicorn:23:in `<main>'
E, [2017-04-13T22:24:59.671146 #2817] ERROR -- : /home/krishna/.rvm/gems/ruby-2.2.2/bin/ruby_executable_hooks:15:in `eval'
E, [2017-04-13T22:24:59.671158 #2817] ERROR -- : /home/krishna/.rvm/gems/ruby-2.2.2/bin/ruby_executable_hooks:15:in `<main>'
E, [2017-04-13T22:25:39.672708 #2815] ERROR -- : app error: Missing `secret_token` and `secret_key_base` for 'production' environment, set these values in `config/secrets.yml` (RuntimeError)
E, [2017-04-13T22:25:39.672868 #2815] ERROR -- : /home/krishna/.rvm/gems/ruby-2.2.2/gems/railties-4.2.6/lib/rails/application.rb:534:in `validate_secret_key_config!'
E, [2017-04-13T22:25:39.672911 #2815] ERROR -- : /home/krishna/.rvm/gems/ruby-2.2.2/gems/railties-4.2.6/lib/rails/application.rb:246:in `env_config'
E, [2017-04-13T22:25:39.672940 #2815] ERROR -- : /home/krishna/.rvm/gems/ruby-2.2.2/gems/railties-4.2.6/lib/rails/engine.rb:514:in `call'
E, [2017-04-13T22:25:39.672969 #2815] ERROR -- : /home/krishna/.rvm/gems/ruby-2.2.2/gems/railties-4.2.6/lib/rails/application.rb:165:in `call'
E, [2017-04-13T22:25:39.673000 #2815] ERROR -- : /home/krishna/.rvm/gems/ruby-2.2.2/gems/unicorn-5.3.0/lib/unicorn/http_server.rb:606:in `process_client'
E, [2017-04-13T22:25:39.673026 #2815] ERROR -- : /home/krishna/.rvm/gems/ruby-2.2.2/gems/unicorn-5.3.0/lib/unicorn/http_server.rb:702:in `worker_loop'
E, [2017-04-13T22:25:39.673048 #2815] ERROR -- : /home/krishna/.rvm/gems/ruby-2.2.2/gems/unicorn-5.3.0/lib/unicorn/http_server.rb:549:in `spawn_missing_workers'
E, [2017-04-13T22:25:39.673070 #2815] ERROR -- : /home/krishna/.rvm/gems/ruby-2.2.2/gems/unicorn-5.3.0/lib/unicorn/http_server.rb:142:in `start'
E, [2017-04-13T22:25:39.673095 #2815] ERROR -- : /home/krishna/.rvm/gems/ruby-2.2.2/gems/unicorn-5.3.0/bin/unicorn:126:in `<top (required)>'
E, [2017-04-13T22:25:39.673117 #2815] ERROR -- : /home/krishna/.rvm/gems/ruby-2.2.2/bin/unicorn:23:in `load'
E, [2017-04-13T22:25:39.673138 #2815] ERROR -- : /home/krishna/.rvm/gems/ruby-2.2.2/bin/unicorn:23:in `<main>'
E, [2017-04-13T22:25:39.673163 #2815] ERROR -- : /home/krishna/.rvm/gems/ruby-2.2.2/bin/ruby_executable_hooks:15:in `eval'
E, [2017-04-13T22:25:39.673188 #2815] ERROR -- : /home/krishna/.rvm/gems/ruby-2.2.2/bin/ruby_executable_hooks:15:in `<main>'
E, [2017-04-13T22:25:39.809933 #2817] ERROR -- : app error: Missing `secret_token` and `secret_key_base` for 'production' environment, set these values in `config/secrets.yml` (RuntimeError)
E, [2017-04-13T22:25:39.810044 #2817] ERROR -- : /home/krishna/.rvm/gems/ruby-2.2.2/gems/railties-4.2.6/lib/rails/application.rb:534:in `validate_secret_key_config!'
E, [2017-04-13T22:25:39.810072 #2817] ERROR -- : /home/krishna/.rvm/gems/ruby-2.2.2/gems/railties-4.2.6/lib/rails/application.rb:246:in `env_config'
E, [2017-04-13T22:25:39.810089 #2817] ERROR -- : /home/krishna/.rvm/gems/ruby-2.2.2/gems/railties-4.2.6/lib/rails/engine.rb:514:in `call'
E, [2017-04-13T22:25:39.810103 #2817] ERROR -- : /home/krishna/.rvm/gems/ruby-2.2.2/gems/railties-4.2.6/lib/rails/application.rb:165:in `call'
E, [2017-04-13T22:25:39.810122 #2817] ERROR -- : /home/krishna/.rvm/gems/ruby-2.2.2/gems/unicorn-5.3.0/lib/unicorn/http_server.rb:606:in `process_client'
E, [2017-04-13T22:25:39.810140 #2817] ERROR -- : /home/krishna/.rvm/gems/ruby-2.2.2/gems/unicorn-5.3.0/lib/unicorn/http_server.rb:702:in `worker_loop'
E, [2017-04-13T22:25:39.810154 #2817] ERROR -- : /home/krishna/.rvm/gems/ruby-2.2.2/gems/unicorn-5.3.0/lib/unicorn/http_server.rb:549:in `spawn_missing_workers'
E, [2017-04-13T22:25:39.810171 #2817] ERROR -- : /home/krishna/.rvm/gems/ruby-2.2.2/gems/unicorn-5.3.0/lib/unicorn/http_server.rb:142:in `start'
E, [2017-04-13T22:25:39.810185 #2817] ERROR -- : /home/krishna/.rvm/gems/ruby-2.2.2/gems/unicorn-5.3.0/bin/unicorn:126:in `<top (required)>'
E, [2017-04-13T22:25:39.810203 #2817] ERROR -- : /home/krishna/.rvm/gems/ruby-2.2.2/bin/unicorn:23:in `load'
E, [2017-04-13T22:25:39.810217 #2817] ERROR -- : /home/krishna/.rvm/gems/ruby-2.2.2/bin/unicorn:23:in `<main>'
E, [2017-04-13T22:25:39.810230 #2817] ERROR -- : /home/krishna/.rvm/gems/ruby-2.2.2/bin/ruby_executable_hooks:15:in `eval'
E, [2017-04-13T22:25:39.810247 #2817] ERROR -- : /home/krishna/.rvm/gems/ruby-2.2.2/bin/ruby_executable_hooks:15:in `<main>'
E, [2017-04-13T22:26:38.961563 #2815] ERROR -- : app error: Missing `secret_token` and `secret_key_base` for 'production' environment, set these values in `config/secrets.yml` (RuntimeError)
E, [2017-04-13T22:26:38.961657 #2815] ERROR -- : /home/krishna/.rvm/gems/ruby-2.2.2/gems/railties-4.2.6/lib/rails/application.rb:534:in `validate_secret_key_config!'
E, [2017-04-13T22:26:38.961684 #2815] ERROR -- : /home/krishna/.rvm/gems/ruby-2.2.2/gems/railties-4.2.6/lib/rails/application.rb:246:in `env_config'
E, [2017-04-13T22:26:38.961704 #2815] ERROR -- : /home/krishna/.rvm/gems/ruby-2.2.2/gems/railties-4.2.6/lib/rails/engine.rb:514:in `call'
E, [2017-04-13T22:26:38.961827 #2815] ERROR -- : /home/krishna/.rvm/gems/ruby-2.2.2/gems/railties-4.2.6/lib/rails/application.rb:165:in `call'
E, [2017-04-13T22:26:38.961854 #2815] ERROR -- : /home/krishna/.rvm/gems/ruby-2.2.2/gems/unicorn-5.3.0/lib/unicorn/http_server.rb:606:in `process_client'
E, [2017-04-13T22:26:38.961934 #2815] ERROR -- : /home/krishna/.rvm/gems/ruby-2.2.2/gems/unicorn-5.3.0/lib/unicorn/http_server.rb:702:in `worker_loop'
E, [2017-04-13T22:26:38.961966 #2815] ERROR -- : /home/krishna/.rvm/gems/ruby-2.2.2/gems/unicorn-5.3.0/lib/unicorn/http_server.rb:549:in `spawn_missing_workers'
E, [2017-04-13T22:26:38.961994 #2815] ERROR -- : /home/krishna/.rvm/gems/ruby-2.2.2/gems/unicorn-5.3.0/lib/unicorn/http_server.rb:142:in `start'
E, [2017-04-13T22:26:38.962021 #2815] ERROR -- : /home/krishna/.rvm/gems/ruby-2.2.2/gems/unicorn-5.3.0/bin/unicorn:126:in `<top (required)>'
E, [2017-04-13T22:26:38.962044 #2815] ERROR -- : /home/krishna/.rvm/gems/ruby-2.2.2/bin/unicorn:23:in `load'
E, [2017-04-13T22:26:38.962067 #2815] ERROR -- : /home/krishna/.rvm/gems/ruby-2.2.2/bin/unicorn:23:in `<main>'
E, [2017-04-13T22:26:38.962090 #2815] ERROR -- : /home/krishna/.rvm/gems/ruby-2.2.2/bin/ruby_executable_hooks:15:in `eval'
E, [2017-04-13T22:26:38.962118 #2815] ERROR -- : /home/krishna/.rvm/gems/ruby-2.2.2/bin/ruby_executable_hooks:15:in `<main>'
E, [2017-04-13T22:28:34.950966 #2817] ERROR -- : app error: Missing `secret_token` and `secret_key_base` for 'production' environment, set these values in `config/secrets.yml` (RuntimeError)
E, [2017-04-13T22:28:34.951046 #2817] ERROR -- : /home/krishna/.rvm/gems/ruby-2.2.2/gems/railties-4.2.6/lib/rails/application.rb:534:in `validate_secret_key_config!'
E, [2017-04-13T22:28:34.951075 #2817] ERROR -- : /home/krishna/.rvm/gems/ruby-2.2.2/gems/railties-4.2.6/lib/rails/application.rb:246:in `env_config'
E, [2017-04-13T22:28:34.951096 #2817] ERROR -- : /home/krishna/.rvm/gems/ruby-2.2.2/gems/railties-4.2.6/lib/rails/engine.rb:514:in `call'
E, [2017-04-13T22:28:34.951112 #2817] ERROR -- : /home/krishna/.rvm/gems/ruby-2.2.2/gems/railties-4.2.6/lib/rails/application.rb:165:in `call'
E, [2017-04-13T22:28:34.951131 #2817] ERROR -- : /home/krishna/.rvm/gems/ruby-2.2.2/gems/unicorn-5.3.0/lib/unicorn/http_server.rb:606:in `process_client'
E, [2017-04-13T22:28:34.951146 #2817] ERROR -- : /home/krishna/.rvm/gems/ruby-2.2.2/gems/unicorn-5.3.0/lib/unicorn/http_server.rb:702:in `worker_loop'
E, [2017-04-13T22:28:34.951160 #2817] ERROR -- : /home/krishna/.rvm/gems/ruby-2.2.2/gems/unicorn-5.3.0/lib/unicorn/http_server.rb:549:in `spawn_missing_workers'
E, [2017-04-13T22:28:34.951178 #2817] ERROR -- : /home/krishna/.rvm/gems/ruby-2.2.2/gems/unicorn-5.3.0/lib/unicorn/http_server.rb:142:in `start'
E, [2017-04-13T22:28:34.951196 #2817] ERROR -- : /home/krishna/.rvm/gems/ruby-2.2.2/gems/unicorn-5.3.0/bin/unicorn:126:in `<top (required)>'
E, [2017-04-13T22:28:34.951214 #2817] ERROR -- : /home/krishna/.rvm/gems/ruby-2.2.2/bin/unicorn:23:in `load'
E, [2017-04-13T22:28:34.951229 #2817] ERROR -- : /home/krishna/.rvm/gems/ruby-2.2.2/bin/unicorn:23:in `<main>'
E, [2017-04-13T22:28:34.951249 #2817] ERROR -- : /home/krishna/.rvm/gems/ruby-2.2.2/bin/ruby_executable_hooks:15:in `eval'
E, [2017-04-13T22:28:34.951268 #2817] ERROR -- : /home/krishna/.rvm/gems/ruby-2.2.2/bin/ruby_executable_hooks:15:in `<main>'
I, [2017-04-13T23:14:53.303580 #3545]  INFO -- : Refreshing Gem list
I, [2017-04-13T23:14:55.835011 #3545]  INFO -- : unlinking existing socket=/home/krishna/workspace/milkbucket/shared/sockets/unicorn.sock
I, [2017-04-13T23:14:55.835359 #3545]  INFO -- : listening on addr=/home/krishna/workspace/milkbucket/shared/sockets/unicorn.sock fd=8
I, [2017-04-13T23:14:55.835514 #3545]  INFO -- : worker=0 spawning...
I, [2017-04-13T23:14:55.836587 #3545]  INFO -- : worker=1 spawning...
I, [2017-04-13T23:14:55.837916 #3545]  INFO -- : master process ready
I, [2017-04-13T23:14:55.844277 #3556]  INFO -- : worker=0 spawned pid=3556
I, [2017-04-13T23:14:55.848259 #3556]  INFO -- : worker=0 ready
I, [2017-04-13T23:14:55.849406 #3558]  INFO -- : worker=1 spawned pid=3558
I, [2017-04-13T23:14:55.851776 #3558]  INFO -- : worker=1 ready
I, [2017-04-13T23:18:52.615721 #3545]  INFO -- : reaped #<Process::Status: pid 3556 exit 0> worker=0
I, [2017-04-13T23:18:52.615829 #3545]  INFO -- : reaped #<Process::Status: pid 3558 exit 0> worker=1
I, [2017-04-13T23:18:52.615900 #3545]  INFO -- : master complete
I, [2017-04-13T23:50:13.782885 #2957]  INFO -- : Refreshing Gem list
I, [2017-04-13T23:50:19.176301 #2957]  INFO -- : unlinking existing socket=/home/krishna/workspace/milkbucket/shared/sockets/unicorn.sock
I, [2017-04-13T23:50:19.176449 #2957]  INFO -- : listening on addr=/home/krishna/workspace/milkbucket/shared/sockets/unicorn.sock fd=8
I, [2017-04-13T23:50:19.176539 #2957]  INFO -- : worker=0 spawning...
I, [2017-04-13T23:50:19.177399 #2957]  INFO -- : worker=1 spawning...
I, [2017-04-13T23:50:19.178208 #2957]  INFO -- : master process ready
I, [2017-04-13T23:50:19.184301 #2960]  INFO -- : worker=0 spawned pid=2960
I, [2017-04-13T23:50:19.184576 #2960]  INFO -- : worker=0 ready
I, [2017-04-13T23:50:19.185505 #2962]  INFO -- : worker=1 spawned pid=2962
I, [2017-04-13T23:50:19.185674 #2962]  INFO -- : worker=1 ready
I, [2017-04-13T23:51:24.387172 #2957]  INFO -- : reaped #<Process::Status: pid 2960 exit 0> worker=0
I, [2017-04-13T23:51:24.387314 #2957]  INFO -- : reaped #<Process::Status: pid 2962 exit 0> worker=1
I, [2017-04-13T23:51:24.387396 #2957]  INFO -- : master complete
I, [2017-04-15T16:15:41.071128 #3139]  INFO -- : Refreshing Gem list
I, [2017-04-15T16:15:47.306512 #3139]  INFO -- : unlinking existing socket=/home/krishna/workspace/milkbucket/shared/sockets/unicorn.sock
I, [2017-04-15T16:15:47.306862 #3139]  INFO -- : listening on addr=/home/krishna/workspace/milkbucket/shared/sockets/unicorn.sock fd=8
I, [2017-04-15T16:15:47.307049 #3139]  INFO -- : worker=0 spawning...
I, [2017-04-15T16:15:47.308080 #3139]  INFO -- : worker=1 spawning...
I, [2017-04-15T16:15:47.309127 #3139]  INFO -- : master process ready
I, [2017-04-15T16:15:47.315950 #3151]  INFO -- : worker=0 spawned pid=3151
I, [2017-04-15T16:15:47.316313 #3151]  INFO -- : worker=0 ready
I, [2017-04-15T16:15:47.317300 #3153]  INFO -- : worker=1 spawned pid=3153
I, [2017-04-15T16:15:47.319640 #3153]  INFO -- : worker=1 ready
/home/krishna/.rvm/gems/ruby-2.2.2/gems/unicorn-5.3.0/lib/unicorn/http_server.rb:205:in `pid=': Already running on PID:3139 (or pid=/home/krishna/workspace/milkbucket/shared/pids/unicorn.pid is stale) (ArgumentError)
	from /home/krishna/.rvm/gems/ruby-2.2.2/gems/unicorn-5.3.0/lib/unicorn/http_server.rb:137:in `start'
	from /home/krishna/.rvm/gems/ruby-2.2.2/gems/unicorn-5.3.0/bin/unicorn:126:in `<top (required)>'
	from /home/krishna/.rvm/gems/ruby-2.2.2/bin/unicorn:23:in `load'
	from /home/krishna/.rvm/gems/ruby-2.2.2/bin/unicorn:23:in `<main>'
	from /home/krishna/.rvm/gems/ruby-2.2.2/bin/ruby_executable_hooks:15:in `eval'
	from /home/krishna/.rvm/gems/ruby-2.2.2/bin/ruby_executable_hooks:15:in `<main>'
I, [2017-04-15T16:21:53.233284 #3273]  INFO -- : Refreshing Gem list
I, [2017-04-15T16:21:55.239462 #3273]  INFO -- : unlinking existing socket=/home/krishna/workspace/milkbucket/shared/sockets/unicorn.sock
I, [2017-04-15T16:21:55.239824 #3273]  INFO -- : listening on addr=/home/krishna/workspace/milkbucket/shared/sockets/unicorn.sock fd=8
I, [2017-04-15T16:21:55.239990 #3273]  INFO -- : worker=0 spawning...
I, [2017-04-15T16:21:55.241169 #3273]  INFO -- : worker=1 spawning...
I, [2017-04-15T16:21:55.242383 #3273]  INFO -- : master process ready
I, [2017-04-15T16:21:55.246919 #3284]  INFO -- : worker=0 spawned pid=3284
I, [2017-04-15T16:21:55.250008 #3284]  INFO -- : worker=0 ready
I, [2017-04-15T16:21:55.251016 #3286]  INFO -- : worker=1 spawned pid=3286
I, [2017-04-15T16:21:55.251238 #3286]  INFO -- : worker=1 ready
I, [2017-04-15T16:23:08.774882 #3273]  INFO -- : reaped #<Process::Status: pid 3284 exit 0> worker=0
I, [2017-04-15T16:23:08.774984 #3273]  INFO -- : reaped #<Process::Status: pid 3286 exit 0> worker=1
I, [2017-04-15T16:23:08.775058 #3273]  INFO -- : master complete
I, [2017-04-15T16:23:46.699885 #1774]  INFO -- : Refreshing Gem list
I, [2017-04-15T16:23:54.578611 #1774]  INFO -- : unlinking existing socket=/home/krishna/workspace/milkbucket/shared/sockets/unicorn.sock
I, [2017-04-15T16:23:54.578765 #1774]  INFO -- : listening on addr=/home/krishna/workspace/milkbucket/shared/sockets/unicorn.sock fd=8
I, [2017-04-15T16:23:54.578867 #1774]  INFO -- : worker=0 spawning...
I, [2017-04-15T16:23:54.579892 #1774]  INFO -- : worker=1 spawning...
I, [2017-04-15T16:23:54.581194 #1774]  INFO -- : master process ready
I, [2017-04-15T16:23:54.585313 #1777]  INFO -- : worker=0 spawned pid=1777
I, [2017-04-15T16:23:54.585503 #1777]  INFO -- : worker=0 ready
I, [2017-04-15T16:23:54.589286 #1779]  INFO -- : worker=1 spawned pid=1779
I, [2017-04-15T16:23:54.589538 #1779]  INFO -- : worker=1 ready
I, [2017-04-15T18:07:08.352187 #1774]  INFO -- : reaped #<Process::Status: pid 1777 exit 0> worker=0
I, [2017-04-15T18:07:08.352278 #1774]  INFO -- : reaped #<Process::Status: pid 1779 exit 0> worker=1
I, [2017-04-15T18:07:08.352343 #1774]  INFO -- : master complete
I, [2017-04-15T18:07:59.154447 #1750]  INFO -- : Refreshing Gem list
I, [2017-04-15T18:08:05.861103 #1750]  INFO -- : unlinking existing socket=/home/krishna/workspace/milkbucket/shared/sockets/unicorn.sock
I, [2017-04-15T18:08:05.861268 #1750]  INFO -- : listening on addr=/home/krishna/workspace/milkbucket/shared/sockets/unicorn.sock fd=8
I, [2017-04-15T18:08:05.861382 #1750]  INFO -- : worker=0 spawning...
I, [2017-04-15T18:08:05.862767 #1750]  INFO -- : worker=1 spawning...
I, [2017-04-15T18:08:05.863648 #1753]  INFO -- : worker=0 spawned pid=1753
I, [2017-04-15T18:08:05.863829 #1753]  INFO -- : worker=0 ready
I, [2017-04-15T18:08:05.864793 #1750]  INFO -- : master process ready
I, [2017-04-15T18:08:05.871751 #1756]  INFO -- : worker=1 spawned pid=1756
I, [2017-04-15T18:08:05.871954 #1756]  INFO -- : worker=1 ready
I, [2017-04-15T18:20:28.407366 #1750]  INFO -- : reaped #<Process::Status: pid 1753 exit 0> worker=0
I, [2017-04-15T18:20:28.407456 #1750]  INFO -- : reaped #<Process::Status: pid 1756 exit 0> worker=1
I, [2017-04-15T18:20:28.407526 #1750]  INFO -- : master complete
I, [2017-04-15T18:21:01.939591 #1761]  INFO -- : Refreshing Gem list
I, [2017-04-15T18:21:15.560718 #1761]  INFO -- : unlinking existing socket=/home/krishna/workspace/milkbucket/shared/sockets/unicorn.sock
I, [2017-04-15T18:21:15.560911 #1761]  INFO -- : listening on addr=/home/krishna/workspace/milkbucket/shared/sockets/unicorn.sock fd=8
I, [2017-04-15T18:21:15.561016 #1761]  INFO -- : worker=0 spawning...
I, [2017-04-15T18:21:15.561997 #1761]  INFO -- : worker=1 spawning...
I, [2017-04-15T18:21:15.563650 #1761]  INFO -- : master process ready
I, [2017-04-15T18:21:15.575222 #2246]  INFO -- : worker=0 spawned pid=2246
I, [2017-04-15T18:21:15.576218 #2249]  INFO -- : worker=1 spawned pid=2249
I, [2017-04-15T18:21:15.576383 #2249]  INFO -- : worker=1 ready
I, [2017-04-15T18:21:15.575446 #2246]  INFO -- : worker=0 ready
I, [2017-04-15T18:23:13.549632 #1761]  INFO -- : reaped #<Process::Status: pid 2246 exit 0> worker=0
I, [2017-04-15T18:23:13.550128 #1761]  INFO -- : reaped #<Process::Status: pid 2249 exit 0> worker=1
I, [2017-04-15T18:23:13.550304 #1761]  INFO -- : master complete
I, [2017-04-16T15:29:05.549408 #1735]  INFO -- : Refreshing Gem list
I, [2017-04-16T15:29:13.828237 #1735]  INFO -- : unlinking existing socket=/home/krishna/workspace/milkbucket/shared/sockets/unicorn.sock
I, [2017-04-16T15:29:13.828392 #1735]  INFO -- : listening on addr=/home/krishna/workspace/milkbucket/shared/sockets/unicorn.sock fd=8
I, [2017-04-16T15:29:13.828480 #1735]  INFO -- : worker=0 spawning...
I, [2017-04-16T15:29:13.829802 #1735]  INFO -- : worker=1 spawning...
I, [2017-04-16T15:29:13.830666 #1735]  INFO -- : master process ready
I, [2017-04-16T15:29:13.836818 #1739]  INFO -- : worker=0 spawned pid=1739
I, [2017-04-16T15:29:13.837162 #1739]  INFO -- : worker=0 ready
I, [2017-04-16T15:29:13.838056 #1741]  INFO -- : worker=1 spawned pid=1741
I, [2017-04-16T15:29:13.838227 #1741]  INFO -- : worker=1 ready
I, [2017-04-16T15:31:11.803312 #1735]  INFO -- : reaped #<Process::Status: pid 1739 exit 0> worker=0
I, [2017-04-16T15:31:11.803409 #1735]  INFO -- : reaped #<Process::Status: pid 1741 exit 0> worker=1
I, [2017-04-16T15:31:11.803483 #1735]  INFO -- : master complete
I, [2017-04-16T15:39:10.457278 #1722]  INFO -- : Refreshing Gem list
I, [2017-04-16T15:39:16.280557 #1722]  INFO -- : unlinking existing socket=/home/krishna/workspace/milkbucket/shared/sockets/unicorn.sock
I, [2017-04-16T15:39:16.280746 #1722]  INFO -- : listening on addr=/home/krishna/workspace/milkbucket/shared/sockets/unicorn.sock fd=8
I, [2017-04-16T15:39:16.280862 #1722]  INFO -- : worker=0 spawning...
I, [2017-04-16T15:39:16.281968 #1722]  INFO -- : worker=1 spawning...
I, [2017-04-16T15:39:16.283035 #1722]  INFO -- : master process ready
I, [2017-04-16T15:39:16.288041 #1725]  INFO -- : worker=0 spawned pid=1725
I, [2017-04-16T15:39:16.288257 #1725]  INFO -- : worker=0 ready
I, [2017-04-16T15:39:16.293398 #1727]  INFO -- : worker=1 spawned pid=1727
I, [2017-04-16T15:39:16.293584 #1727]  INFO -- : worker=1 ready
I, [2017-04-16T15:45:41.317439 #1722]  INFO -- : reaped #<Process::Status: pid 1725 exit 0> worker=0
I, [2017-04-16T15:45:41.317522 #1722]  INFO -- : reaped #<Process::Status: pid 1727 exit 0> worker=1
I, [2017-04-16T15:45:41.317589 #1722]  INFO -- : master complete
I, [2017-04-16T15:46:35.020046 #1712]  INFO -- : Refreshing Gem list
I, [2017-04-16T15:46:40.793605 #1712]  INFO -- : unlinking existing socket=/home/krishna/workspace/milkbucket/shared/sockets/unicorn.sock
I, [2017-04-16T15:46:40.793757 #1712]  INFO -- : listening on addr=/home/krishna/workspace/milkbucket/shared/sockets/unicorn.sock fd=8
I, [2017-04-16T15:46:40.793846 #1712]  INFO -- : worker=0 spawning...
I, [2017-04-16T15:46:40.794619 #1712]  INFO -- : worker=1 spawning...
I, [2017-04-16T15:46:40.795478 #1712]  INFO -- : master process ready
I, [2017-04-16T15:46:40.800226 #1715]  INFO -- : worker=0 spawned pid=1715
I, [2017-04-16T15:46:40.800406 #1715]  INFO -- : worker=0 ready
I, [2017-04-16T15:46:40.801225 #1717]  INFO -- : worker=1 spawned pid=1717
I, [2017-04-16T15:46:40.801374 #1717]  INFO -- : worker=1 ready
I, [2017-04-16T16:29:58.915252 #1712]  INFO -- : reaped #<Process::Status: pid 1715 exit 0> worker=0
I, [2017-04-16T16:29:58.915342 #1712]  INFO -- : reaped #<Process::Status: pid 1717 exit 0> worker=1
I, [2017-04-16T16:29:58.915408 #1712]  INFO -- : master complete
I, [2017-04-16T16:30:30.078833 #1703]  INFO -- : Refreshing Gem list
I, [2017-04-16T16:30:48.131835 #1703]  INFO -- : unlinking existing socket=/home/krishna/workspace/milkbucket/shared/sockets/unicorn.sock
I, [2017-04-16T16:30:48.131990 #1703]  INFO -- : listening on addr=/home/krishna/workspace/milkbucket/shared/sockets/unicorn.sock fd=8
I, [2017-04-16T16:30:48.132078 #1703]  INFO -- : worker=0 spawning...
I, [2017-04-16T16:30:48.133142 #1703]  INFO -- : worker=1 spawning...
I, [2017-04-16T16:30:48.134103 #1703]  INFO -- : master process ready
I, [2017-04-16T16:30:48.139416 #2335]  INFO -- : worker=0 spawned pid=2335
I, [2017-04-16T16:30:48.139614 #2335]  INFO -- : worker=0 ready
I, [2017-04-16T16:30:48.140420 #2337]  INFO -- : worker=1 spawned pid=2337
I, [2017-04-16T16:30:48.140633 #2337]  INFO -- : worker=1 ready
I, [2017-04-16T16:44:05.505758 #3152]  INFO -- : Refreshing Gem list
I, [2017-04-16T16:44:07.333805 #3152]  INFO -- : unlinking existing socket=/home/krishna/workspace/milkbucket/shared/sockets/unicorn.sock
I, [2017-04-16T16:44:07.334093 #3152]  INFO -- : listening on addr=/home/krishna/workspace/milkbucket/shared/sockets/unicorn.sock fd=8
I, [2017-04-16T16:44:07.334214 #3152]  INFO -- : worker=0 spawning...
I, [2017-04-16T16:44:07.335407 #3152]  INFO -- : worker=1 spawning...
I, [2017-04-16T16:44:07.336719 #3152]  INFO -- : master process ready
I, [2017-04-16T16:44:07.337827 #3163]  INFO -- : worker=0 spawned pid=3163
I, [2017-04-16T16:44:07.338078 #3163]  INFO -- : worker=0 ready
I, [2017-04-16T16:44:07.338997 #3165]  INFO -- : worker=1 spawned pid=3165
I, [2017-04-16T16:44:07.339226 #3165]  INFO -- : worker=1 ready
I, [2017-04-16T16:44:31.733759 #3152]  INFO -- : reaped #<Process::Status: pid 3163 exit 0> worker=0
I, [2017-04-16T16:44:31.733859 #3152]  INFO -- : reaped #<Process::Status: pid 3165 exit 0> worker=1
I, [2017-04-16T16:44:31.733935 #3152]  INFO -- : master complete
I, [2017-04-16T16:45:44.192144 #1746]  INFO -- : Refreshing Gem list
I, [2017-04-16T16:46:02.307038 #1746]  INFO -- : unlinking existing socket=/home/krishna/workspace/milkbucket/shared/sockets/unicorn.sock
I, [2017-04-16T16:46:02.307208 #1746]  INFO -- : listening on addr=/home/krishna/workspace/milkbucket/shared/sockets/unicorn.sock fd=8
I, [2017-04-16T16:46:02.307309 #1746]  INFO -- : worker=0 spawning...
I, [2017-04-16T16:46:02.308662 #1746]  INFO -- : worker=1 spawning...
I, [2017-04-16T16:46:02.310155 #1746]  INFO -- : master process ready
I, [2017-04-16T16:46:02.316074 #2358]  INFO -- : worker=0 spawned pid=2358
I, [2017-04-16T16:46:02.316257 #2358]  INFO -- : worker=0 ready
I, [2017-04-16T16:46:02.317082 #2360]  INFO -- : worker=1 spawned pid=2360
I, [2017-04-16T16:46:02.317237 #2360]  INFO -- : worker=1 ready
I, [2017-04-16T16:58:46.688548 #1746]  INFO -- : reaped #<Process::Status: pid 2358 exit 0> worker=0
I, [2017-04-16T16:58:46.688636 #1746]  INFO -- : reaped #<Process::Status: pid 2360 exit 0> worker=1
I, [2017-04-16T16:58:46.688704 #1746]  INFO -- : master complete
I, [2017-04-16T17:04:57.254662 #1766]  INFO -- : Refreshing Gem list
I, [2017-04-16T17:05:28.074092 #1766]  INFO -- : unlinking existing socket=/home/krishna/workspace/milkbucket/shared/sockets/unicorn.sock
I, [2017-04-16T17:05:28.074249 #1766]  INFO -- : listening on addr=/home/krishna/workspace/milkbucket/shared/sockets/unicorn.sock fd=8
I, [2017-04-16T17:05:28.074382 #1766]  INFO -- : worker=0 spawning...
I, [2017-04-16T17:05:28.075279 #1766]  INFO -- : worker=1 spawning...
I, [2017-04-16T17:05:28.076266 #2509]  INFO -- : worker=0 spawned pid=2509
I, [2017-04-16T17:05:28.076450 #2509]  INFO -- : worker=0 ready
I, [2017-04-16T17:05:28.077491 #1766]  INFO -- : master process ready
I, [2017-04-16T17:05:28.087259 #2512]  INFO -- : worker=1 spawned pid=2512
I, [2017-04-16T17:05:28.087442 #2512]  INFO -- : worker=1 ready
I, [2017-04-16T17:07:55.644429 #1766]  INFO -- : reaped #<Process::Status: pid 2509 exit 0> worker=0
I, [2017-04-16T17:07:55.644517 #1766]  INFO -- : reaped #<Process::Status: pid 2512 exit 0> worker=1
I, [2017-04-16T17:07:55.644581 #1766]  INFO -- : master complete
I, [2017-04-16T17:08:42.012955 #1756]  INFO -- : Refreshing Gem list
DEPRECATION WARNING: You are using the a deprecated processor interface Sprockets::CoffeeReact.
Please update your processor interface:
https://github.com/rails/sprockets/blob/master/guides/extending_sprockets.md#supporting-all-versions-of-sprockets-in-processors
 (called from configure_env at /home/krishna/.rvm/gems/ruby-2.2.2/gems/sprockets-coffee-react-3.4.1/lib/sprockets/coffee-react/engine.rb:18)
DEPRECATION WARNING: You are using the a deprecated processor interface Sprockets::CoffeeReactPostprocessor.
Please update your processor interface:
https://github.com/rails/sprockets/blob/master/guides/extending_sprockets.md#supporting-all-versions-of-sprockets-in-processors
 (called from configure_env at /home/krishna/.rvm/gems/ruby-2.2.2/gems/sprockets-coffee-react-3.4.1/lib/sprockets/coffee-react/engine.rb:19)
DEPRECATION WARNING: Sprockets method `register_engine` is deprecated.
Please register a mime type using `register_mime_type` then
use `register_compressor` or `register_transformer`.
https://github.com/rails/sprockets/blob/master/guides/extending_sprockets.md#supporting-all-versions-of-sprockets-in-processors
 (called from configure_env at /home/krishna/.rvm/gems/ruby-2.2.2/gems/sprockets-coffee-react-3.4.1/lib/sprockets/coffee-react/engine.rb:20)
DEPRECATION WARNING: Sprockets method `register_engine` is deprecated.
Please register a mime type using `register_mime_type` then
use `register_compressor` or `register_transformer`.
https://github.com/rails/sprockets/blob/master/guides/extending_sprockets.md#supporting-all-versions-of-sprockets-in-processors
 (called from configure_env at /home/krishna/.rvm/gems/ruby-2.2.2/gems/sprockets-coffee-react-3.4.1/lib/sprockets/coffee-react/engine.rb:21)
I, [2017-04-16T17:09:07.375808 #1756]  INFO -- : unlinking existing socket=/home/krishna/workspace/milkbucket/shared/sockets/unicorn.sock
I, [2017-04-16T17:09:07.376054 #1756]  INFO -- : listening on addr=/home/krishna/workspace/milkbucket/shared/sockets/unicorn.sock fd=9
I, [2017-04-16T17:09:07.376290 #1756]  INFO -- : worker=0 spawning...
I, [2017-04-16T17:09:07.379876 #1756]  INFO -- : worker=1 spawning...
I, [2017-04-16T17:09:07.380971 #1756]  INFO -- : master process ready
I, [2017-04-16T17:09:07.394738 #2591]  INFO -- : worker=1 spawned pid=2591
I, [2017-04-16T17:09:07.394936 #2591]  INFO -- : worker=1 ready
I, [2017-04-16T17:09:07.388235 #2589]  INFO -- : worker=0 spawned pid=2589
I, [2017-04-16T17:09:07.395204 #2589]  INFO -- : worker=0 ready
127.0.0.1 - - [16/Apr/2017:17:09:23 +0530] "GET / HTTP/1.0" 200 - 2.7744
127.0.0.1 - - [16/Apr/2017:17:09:23 +0530] "GET /font-awesome.self-94281f7ab97db0e7ada07775a956ab8a81081c41f10e0aa0e4b82ed632c4503e.css?body=1 HTTP/1.0" 200 35475 0.0284
127.0.0.1 - - [16/Apr/2017:17:09:23 +0530] "GET /fonts.googleapis.com.self-c0eb00e2c56bdf340b7d533d4aa459415d4d78b5ac6423cca7ee7aa6806d0468.css?body=1 HTTP/1.0" 200 494 0.0121
127.0.0.1 - - [16/Apr/2017:17:09:23 +0530] "GET /ace.min.self-7e071c7240e45a81fbb4e0c7bfad0aa0a1e31436e2dd4987c410d4c9a1411e32.css?body=1 HTTP/1.0" 200 396939 0.0617
127.0.0.1 - - [16/Apr/2017:17:09:23 +0530] "GET /ace-skins.min.self-e929e0e31c4ce723133bec4ec3fb8b6bfd5c97bb956d097811777f7fd8da161f.css?body=1 HTTP/1.0" 200 77953 0.0264
127.0.0.1 - - [16/Apr/2017:17:09:23 +0530] "GET /ace-rtl.min.self-e0d8700dde385c95e0d29b4a71b1414a3b0452e363be1d0377cdcc61d47b6860.css?body=1 HTTP/1.0" 200 116807 0.0216
127.0.0.1 - - [16/Apr/2017:17:09:23 +0530] "GET /jquery-ui.min.self-75afc64201388e570dee651ac1abb038e1e2f63f2af1daae35dc8fc0995ee873.css?body=1 HTTP/1.0" 200 14902 0.0223
127.0.0.1 - - [16/Apr/2017:17:09:23 +0530] "GET /datepicker/datepicker.self-ec43eb5400e69b21c3e4ec0a2e1ad50f511c1c032250560141bf3b7e1b7ec466.css?body=1 HTTP/1.0" 200 3448 0.0158
127.0.0.1 - - [16/Apr/2017:17:09:23 +0530] "GET /style.self-9e11e2aad8dd12efc2af183a95f90ff853094dfd0671f79f23f4c7d15b543770.css?body=1 HTTP/1.0" 200 527 0.0169
127.0.0.1 - - [16/Apr/2017:17:09:23 +0530] "GET /application.self-c3bad7f4768b1d863acab4d59232062ff311a3bed43ed959afac858779ccb828.css?body=1 HTTP/1.0" 200 661 0.0267
127.0.0.1 - - [16/Apr/2017:17:09:24 +0530] "GET /jquery.self-bd7ddd393353a8d2480a622e80342adf488fb6006d667e8b42e4c0073393abee.js?body=1 HTTP/1.0" 200 293431 0.0329
127.0.0.1 - - [16/Apr/2017:17:09:24 +0530] "GET /jquery_ujs.self-784a997f6726036b1993eb2217c9cb558e1cbb801c6da88105588c56f13b466a.js?body=1 HTTP/1.0" 200 21600 0.0140
127.0.0.1 - - [16/Apr/2017:17:09:24 +0530] "GET /development-with-addons/react.self-afb13559fcd0a116d38359ec6b78c82823a994e781db283d3362a08352f79ecc.js?body=1 HTTP/1.0" 200 744928 0.0462
127.0.0.1 - - [16/Apr/2017:17:09:24 +0530] "GET /react_ujs.self-06684ab54101bce1b455802d71af1f7157c37b116c4b0c40b3c3b3dd8aee150d.js?body=1 HTTP/1.0" 200 4112 0.0122
127.0.0.1 - - [16/Apr/2017:17:09:24 +0530] "GET /reactdatepicker.self-629870e617bf116f7d55fe54a26f83f62c50bc6be1ed3624976a7aeaa37736b8.js?body=1 HTTP/1.0" 200 19014 0.0150
127.0.0.1 - - [16/Apr/2017:17:09:24 +0530] "GET /moment.min.self-c63f0787182696f8737bb0714a5d51f7efd56a30c870d2333f118eb2bdacbbdb.js?body=1 HTTP/1.0" 200 34437 0.0164
127.0.0.1 - - [16/Apr/2017:17:09:24 +0530] "GET /components/dahi_row.self-8918db41f061b8c744b5dfe0a425cceb93fd89015a206c139d684e8e36a558b1.js?body=1 HTTP/1.0" 200 1382 0.0214
127.0.0.1 - - [16/Apr/2017:17:09:24 +0530] "GET /components/evening_row.self-b494be4a31f7a4476757eb358eb9685ee7054384b9eea1ccaa03569c1ea04196.js?body=1 HTTP/1.0" 200 965 0.0091
127.0.0.1 - - [16/Apr/2017:17:09:24 +0530] "GET /components/history.self-c25458585796c11e6d381e0cbb4fc369c54fac01aae936d92df1be7dfa2a22fe.js?body=1 HTTP/1.0" 200 8275 0.0328
127.0.0.1 - - [16/Apr/2017:17:09:24 +0530] "GET /components/milk_row.self-e9ebd2629d1a275c6f048e296bffa27e76b973687e5b536f695a956db54f701d.js?body=1 HTTP/1.0" 200 3993 0.0217
127.0.0.1 - - [16/Apr/2017:17:09:24 +0530] "GET /components/morning_row.self-d97013ad442074f29e4ddaa5294417089affbceddfa40e9196a301257e2408d6.js?body=1 HTTP/1.0" 200 559 0.0127
127.0.0.1 - - [16/Apr/2017:17:09:24 +0530] "GET /components/report.self-0ea1dcc070fcc6ef3c7dd11c365461b878e1c9be67e57d2df282067c613ca4ba.js?body=1 HTTP/1.0" 200 4482 0.0099
127.0.0.1 - - [16/Apr/2017:17:09:24 +0530] "GET /components/textfield.self-572e3966341bc7effde2945e70e3e84b194be830a724fde384ecaa0a9cacc18a.js?body=1 HTTP/1.0" 200 631 0.0074
127.0.0.1 - - [16/Apr/2017:17:09:24 +0530] "GET /components.self-e3b0c44298fc1c149afbf4c8996fb92427ae41e4649b934ca495991b7852b855.js?body=1 HTTP/1.0" 200 - 0.0121
127.0.0.1 - - [16/Apr/2017:17:09:24 +0530] "GET /categories.self-877aef30ae1b040ab8a3aba4e3e309a11d7f2612f44dde450b5c157aa5f95c05.js?body=1 HTTP/1.0" 200 31 0.0047
127.0.0.1 - - [16/Apr/2017:17:09:24 +0530] "GET /jquery-ui.min.self-92815895569093bbed5c6783a49baeacafa2c52ae52014009a6203aaa7761aa3.js?body=1 HTTP/1.0" 200 240335 0.0209
127.0.0.1 - - [16/Apr/2017:17:09:24 +0530] "GET /orders.self-877aef30ae1b040ab8a3aba4e3e309a11d7f2612f44dde450b5c157aa5f95c05.js?body=1 HTTP/1.0" 200 31 0.0091
127.0.0.1 - - [16/Apr/2017:17:09:24 +0530] "GET /reports.self-877aef30ae1b040ab8a3aba4e3e309a11d7f2612f44dde450b5c157aa5f95c05.js?body=1 HTTP/1.0" 200 31 0.0221
127.0.0.1 - - [16/Apr/2017:17:09:24 +0530] "GET /application.self-10ad0916cf31256fe71785e8dc9cc297a96b1cdf7b74aeb61711199b9a3d003f.js?body=1 HTTP/1.0" 200 585 0.0198
127.0.0.1 - - [16/Apr/2017:17:09:25 +0530] "GET /bootstrap.min.self-dee9f11bb0dcacf7d7ec3c18a70e533c25339365d7f454ac2fd395820267deb5.css?body=1 HTTP/1.0" 200 115815 1.2958
127.0.0.1 - - [16/Apr/2017:17:09:25 +0530] "GET /avatars/user.jpg HTTP/1.0" 200 1191 0.0355
127.0.0.1 - - [16/Apr/2017:17:09:27 +0530] "GET /histories/new HTTP/1.0" 200 - 0.4557
127.0.0.1 - - [16/Apr/2017:17:09:27 +0530] "GET /avatars/user.jpg HTTP/1.0" 304 - 0.0060
I, [2017-04-16T17:17:13.735269 #1756]  INFO -- : reaped #<Process::Status: pid 2589 exit 0> worker=0
I, [2017-04-16T17:17:13.735362 #1756]  INFO -- : reaped #<Process::Status: pid 2591 exit 0> worker=1
I, [2017-04-16T17:17:13.735585 #1756]  INFO -- : master complete
I, [2017-04-16T17:17:45.925599 #1747]  INFO -- : Refreshing Gem list
I, [2017-04-16T17:18:04.333174 #1747]  INFO -- : unlinking existing socket=/home/krishna/workspace/milkbucket/shared/sockets/unicorn.sock
I, [2017-04-16T17:18:04.333493 #1747]  INFO -- : listening on addr=/home/krishna/workspace/milkbucket/shared/sockets/unicorn.sock fd=8
I, [2017-04-16T17:18:04.334181 #1747]  INFO -- : worker=0 spawning...
I, [2017-04-16T17:18:04.340661 #2435]  INFO -- : worker=0 spawned pid=2435
I, [2017-04-16T17:18:04.340957 #2435]  INFO -- : worker=0 ready
I, [2017-04-16T17:18:04.341479 #1747]  INFO -- : worker=1 spawning...
I, [2017-04-16T17:18:04.348180 #1747]  INFO -- : master process ready
I, [2017-04-16T17:18:04.354505 #2438]  INFO -- : worker=1 spawned pid=2438
I, [2017-04-16T17:18:04.354757 #2438]  INFO -- : worker=1 ready
I, [2017-04-16T18:29:27.418149 #1747]  INFO -- : reaped #<Process::Status: pid 2435 exit 0> worker=0
I, [2017-04-16T18:29:27.418366 #1747]  INFO -- : reaped #<Process::Status: pid 2438 exit 0> worker=1
I, [2017-04-16T18:29:27.418565 #1747]  INFO -- : master complete
I, [2017-04-16T23:13:52.093382 #1755]  INFO -- : Refreshing Gem list
I, [2017-04-16T23:14:09.102992 #1755]  INFO -- : unlinking existing socket=/home/krishna/workspace/milkbucket/shared/sockets/unicorn.sock
I, [2017-04-16T23:14:09.103300 #1755]  INFO -- : listening on addr=/home/krishna/workspace/milkbucket/shared/sockets/unicorn.sock fd=8
I, [2017-04-16T23:14:09.103516 #1755]  INFO -- : worker=0 spawning...
I, [2017-04-16T23:14:09.105263 #1755]  INFO -- : worker=1 spawning...
I, [2017-04-16T23:14:09.107825 #1755]  INFO -- : master process ready
I, [2017-04-16T23:14:09.117713 #1758]  INFO -- : worker=0 spawned pid=1758
I, [2017-04-16T23:14:09.117984 #1758]  INFO -- : worker=0 ready
I, [2017-04-16T23:14:09.123197 #1761]  INFO -- : worker=1 spawned pid=1761
I, [2017-04-16T23:14:09.123437 #1761]  INFO -- : worker=1 ready
I, [2017-04-17T00:17:32.942806 #1755]  INFO -- : reaped #<Process::Status: pid 1758 exit 0> worker=0
I, [2017-04-17T00:17:32.942951 #1755]  INFO -- : reaped #<Process::Status: pid 1761 exit 0> worker=1
I, [2017-04-17T00:17:32.943065 #1755]  INFO -- : master complete
I, [2017-04-23T10:14:32.650158 #1744]  INFO -- : Refreshing Gem list
I, [2017-04-23T10:14:40.738674 #1744]  INFO -- : unlinking existing socket=/home/krishna/workspace/milkbucket/shared/sockets/unicorn.sock
I, [2017-04-23T10:14:40.738830 #1744]  INFO -- : listening on addr=/home/krishna/workspace/milkbucket/shared/sockets/unicorn.sock fd=8
I, [2017-04-23T10:14:40.738933 #1744]  INFO -- : worker=0 spawning...
I, [2017-04-23T10:14:40.739887 #1744]  INFO -- : worker=1 spawning...
I, [2017-04-23T10:14:40.742439 #1744]  INFO -- : master process ready
I, [2017-04-23T10:14:40.749484 #1747]  INFO -- : worker=0 spawned pid=1747
I, [2017-04-23T10:14:40.749687 #1747]  INFO -- : worker=0 ready
I, [2017-04-23T10:14:40.750712 #1749]  INFO -- : worker=1 spawned pid=1749
I, [2017-04-23T10:14:40.750879 #1749]  INFO -- : worker=1 ready
I, [2017-04-23T10:22:00.192046 #1744]  INFO -- : reaped #<Process::Status: pid 1747 exit 0> worker=0
I, [2017-04-23T10:22:00.192150 #1744]  INFO -- : reaped #<Process::Status: pid 1749 exit 0> worker=1
I, [2017-04-23T10:22:00.192221 #1744]  INFO -- : master complete
I, [2017-04-23T10:22:32.248594 #1753]  INFO -- : Refreshing Gem list
I, [2017-04-23T10:22:52.077087 #1753]  INFO -- : unlinking existing socket=/home/krishna/workspace/milkbucket/shared/sockets/unicorn.sock
I, [2017-04-23T10:22:52.077276 #1753]  INFO -- : listening on addr=/home/krishna/workspace/milkbucket/shared/sockets/unicorn.sock fd=8
I, [2017-04-23T10:22:52.077388 #1753]  INFO -- : worker=0 spawning...
I, [2017-04-23T10:22:52.078844 #1753]  INFO -- : worker=1 spawning...
I, [2017-04-23T10:22:52.080257 #1753]  INFO -- : master process ready
I, [2017-04-23T10:22:52.086642 #2443]  INFO -- : worker=0 spawned pid=2443
I, [2017-04-23T10:22:52.086851 #2443]  INFO -- : worker=0 ready
I, [2017-04-23T10:22:52.087795 #2445]  INFO -- : worker=1 spawned pid=2445
I, [2017-04-23T10:22:52.087964 #2445]  INFO -- : worker=1 ready
